#
# There is insufficient memory for the Java Runtime Environment to continue.
# Native memory allocation (mmap) failed to map 268435456 bytes for Failed to commit area from 0x0000000700c00000 to 0x0000000710c00000 of length 268435456.
# Possible reasons:
#   The system is out of physical RAM or swap space
#   The process is running with CompressedOops enabled, and the Java Heap may be blocking the growth of the native heap
# Possible solutions:
#   Reduce memory load on the system
#   Increase physical memory or swap space
#   Check if swap backing store is full
#   Decrease Java heap size (-Xmx/-Xms)
#   Decrease number of Java threads
#   Decrease Java thread stack sizes (-Xss)
#   Set larger code cache with -XX:ReservedCodeCacheSize=
# This output file may be truncated or incomplete.
#
#  Out of Memory Error (./src/hotspot/os/windows/os_windows.cpp:3619), pid=25756, tid=21184
#
# JRE version:  (11.0.13+7) (build )
# Java VM: OpenJDK 64-Bit Server VM (11.0.13+7-b1751.25, mixed mode, sharing, tiered, compressed oops, g1 gc, windows-amd64)
# No core dump will be written. Minidumps are not enabled by default on client versions of Windows
#

---------------  S U M M A R Y ------------

Command Line: git4idea.http.GitAskPassApp Username for 'https://github.com': 

Host: AMD Ryzen 7 1700 Eight-Core Processor          , 16 cores, 15G,  Windows 10 , 64 bit Build 19041 (10.0.19041.1806)
Time: Sun Jul 17 14:14:40 2022 Alaskan Daylight Time elapsed time: 0.014310 seconds (0d 0h 0m 0s)

---------------  T H R E A D  ---------------

Current thread (0x0000026fa525d000):  JavaThread "Unknown thread" [_thread_in_vm, id=21184, stack(0x0000007913700000,0x0000007913800000)]

Stack: [0x0000007913700000,0x0000007913800000]
Native frames: (J=compiled Java code, j=interpreted, Vv=VM code, C=native code)
V  [jvm.dll+0x613daa]
V  [jvm.dll+0x799b30]
V  [jvm.dll+0x79b14d]
V  [jvm.dll+0x79b823]
V  [jvm.dll+0x24c958]
V  [jvm.dll+0x610e24]
V  [jvm.dll+0x605b25]
V  [jvm.dll+0x30aaab]
V  [jvm.dll+0x30aa1a]
V  [jvm.dll+0x30a8f2]
V  [jvm.dll+0x30f856]
V  [jvm.dll+0x359143]
V  [jvm.dll+0x359846]
V  [jvm.dll+0x359243]
V  [jvm.dll+0x2e57a8]
V  [jvm.dll+0x2e6947]
V  [jvm.dll+0x776d47]
V  [jvm.dll+0x77853c]
V  [jvm.dll+0x3666c9]
V  [jvm.dll+0x75a9ce]
V  [jvm.dll+0x3d47d3]
V  [jvm.dll+0x3d6d21]
C  [jli.dll+0x536b]
C  [ucrtbase.dll+0x21bb2]
C  [KERNEL32.DLL+0x17034]
C  [ntdll.dll+0x52651]


---------------  P R O C E S S  ---------------

Threads class SMR info:
_java_thread_list=0x0000026fa3111640, length=0, elements={
}

Java Threads: ( => current thread )

Other Threads:
  0x0000026fa5275800 GCTaskThread "GC Thread#0" [stack: 0x0000007913800000,0x0000007913900000] [id=17608]
  0x0000026fa52d6000 ConcurrentGCThread "G1 Main Marker" [stack: 0x0000007913900000,0x0000007913a00000] [id=15148]
  0x0000026fa52d8000 ConcurrentGCThread "G1 Conc#0" [stack: 0x0000007913a00000,0x0000007913b00000] [id=19132]

[error occurred during error reporting (printing all threads), id 0xc0000005, EXCEPTION_ACCESS_VIOLATION (0xc0000005) at pc=0x00007ffaec975c97]

VM state:not at safepoint (not fully initialized)

VM Mutex/Monitor currently owned by a thread:  ([mutex/lock_event])
[0x0000026fa5258f80] Heap_lock - owner thread: 0x0000026fa525d000

Heap address: 0x0000000700c00000, size: 4084 MB, Compressed Oops mode: Non-zero based: 0x0000000700c00000
Narrow klass base: 0x0000000000000000, Narrow klass shift: 0

GC Heap History (0 events):
No events

Deoptimization events (0 events):
No events

Classes redefined (0 events):
No events

Internal exceptions (0 events):
No events

Events (1 events):
Event: 0.007 Loaded shared library C:\Program Files\JetBrains\CLion 2021.3.3\jbr\bin\zip.dll


Dynamic libraries:
0x00007ff7d4a60000 - 0x00007ff7d4a6a000 	C:\Program Files\JetBrains\CLion 2021.3.3\jbr\bin\java.exe
0x00007ffb4bc70000 - 0x00007ffb4be68000 	C:\Windows\SYSTEM32\ntdll.dll
0x00007ffb49ee0000 - 0x00007ffb49f9d000 	C:\Windows\System32\KERNEL32.DLL
0x00007ffb49740000 - 0x00007ffb49a0e000 	C:\Windows\System32\KERNELBASE.dll
0x00007ffb49390000 - 0x00007ffb49490000 	C:\Windows\System32\ucrtbase.dll
0x00007ffb42900000 - 0x00007ffb42919000 	C:\Program Files\JetBrains\CLion 2021.3.3\jbr\bin\jli.dll
0x00007ffb34fe0000 - 0x00007ffb34ff7000 	C:\Program Files\JetBrains\CLion 2021.3.3\jbr\bin\VCRUNTIME140.dll
0x00007ffb4a9c0000 - 0x00007ffb4ab60000 	C:\Windows\System32\USER32.dll
0x00007ffb39e10000 - 0x00007ffb3a0aa000 	C:\Windows\WinSxS\amd64_microsoft.windows.common-controls_6595b64144ccf1df_6.0.19041.1110_none_60b5254171f9507e\COMCTL32.dll
0x00007ffb49ca0000 - 0x00007ffb49cc2000 	C:\Windows\System32\win32u.dll
0x00007ffb4a1d0000 - 0x00007ffb4a1fa000 	C:\Windows\System32\GDI32.dll
0x00007ffb4a120000 - 0x00007ffb4a1be000 	C:\Windows\System32\msvcrt.dll
0x00007ffb49490000 - 0x00007ffb4959b000 	C:\Windows\System32\gdi32full.dll
0x00007ffb495a0000 - 0x00007ffb4963d000 	C:\Windows\System32\msvcp_win.dll
0x00007ffb4b530000 - 0x00007ffb4b560000 	C:\Windows\System32\IMM32.DLL
0x00007ffb19a30000 - 0x00007ffb19acd000 	C:\Program Files\JetBrains\CLion 2021.3.3\jbr\bin\msvcp140.dll
0x00007ffaec680000 - 0x00007ffaed1f6000 	C:\Program Files\JetBrains\CLion 2021.3.3\jbr\bin\server\jvm.dll
0x00007ffb4ae60000 - 0x00007ffb4af0e000 	C:\Windows\System32\ADVAPI32.dll
0x00007ffb49fa0000 - 0x00007ffb4a03c000 	C:\Windows\System32\sechost.dll
0x00007ffb4b5d0000 - 0x00007ffb4b6f5000 	C:\Windows\System32\RPCRT4.dll
0x00007ffb49d50000 - 0x00007ffb49d58000 	C:\Windows\System32\PSAPI.DLL
0x00007ffb3c3c0000 - 0x00007ffb3c3e7000 	C:\Windows\SYSTEM32\WINMM.dll
0x00007ffb2b890000 - 0x00007ffb2b899000 	C:\Windows\SYSTEM32\WSOCK32.dll
0x00007ffb441c0000 - 0x00007ffb441ca000 	C:\Windows\SYSTEM32\VERSION.dll
0x00007ffb4b560000 - 0x00007ffb4b5cb000 	C:\Windows\System32\WS2_32.dll
0x00007ffb471d0000 - 0x00007ffb471e2000 	C:\Windows\SYSTEM32\kernel.appcore.dll
0x00007ffb44d50000 - 0x00007ffb44d61000 	C:\Program Files\JetBrains\CLion 2021.3.3\jbr\bin\verify.dll
0x00007ffb43340000 - 0x00007ffb43524000 	C:\Windows\SYSTEM32\DBGHELP.DLL
0x00007ffb432d0000 - 0x00007ffb432fc000 	C:\Windows\SYSTEM32\dbgcore.DLL
0x00007ffb49c10000 - 0x00007ffb49c92000 	C:\Windows\System32\bcryptPrimitives.dll
0x00007ffb34a30000 - 0x00007ffb34a59000 	C:\Program Files\JetBrains\CLion 2021.3.3\jbr\bin\java.dll
0x00007ffb452f0000 - 0x00007ffb452fb000 	C:\Program Files\JetBrains\CLion 2021.3.3\jbr\bin\jimage.dll
0x00007ffb3c620000 - 0x00007ffb3c638000 	C:\Program Files\JetBrains\CLion 2021.3.3\jbr\bin\zip.dll

dbghelp: loaded successfully - version: 4.0.5 - missing functions: none
symbol engine: initialized successfully - sym options: 0x614 - pdb path: .;C:\Program Files\JetBrains\CLion 2021.3.3\jbr\bin;C:\Windows\SYSTEM32;C:\Windows\WinSxS\amd64_microsoft.windows.common-controls_6595b64144ccf1df_6.0.19041.1110_none_60b5254171f9507e;C:\Program Files\JetBrains\CLion 2021.3.3\jbr\bin\server

VM Arguments:
java_command: git4idea.http.GitAskPassApp Username for 'https://github.com': 
java_class_path (initial): C:/Program Files/JetBrains/CLion 2021.3.3/plugins/git4idea/lib/git4idea-rt.jar;C:/Program Files/JetBrains/CLion 2021.3.3/lib/3rd-party.jar;C:/Program Files/JetBrains/CLion 2021.3.3/lib/3rd-party-rt.jar
Launcher Type: SUN_STANDARD

[Global flags]
     intx CICompilerCount                          = 12                                        {product} {ergonomic}
     uint ConcGCThreads                            = 3                                         {product} {ergonomic}
     uint G1ConcRefinementThreads                  = 13                                        {product} {ergonomic}
   size_t G1HeapRegionSize                         = 1048576                                   {product} {ergonomic}
    uintx GCDrainStackTargetSize                   = 64                                        {product} {ergonomic}
   size_t InitialHeapSize                          = 268435456                                 {product} {ergonomic}
   size_t MarkStackSize                            = 4194304                                   {product} {ergonomic}
   size_t MaxHeapSize                              = 4282384384                                {product} {ergonomic}
   size_t MinHeapDeltaBytes                        = 1048576                                   {product} {ergonomic}
    uintx NonNMethodCodeHeapSize                   = 7594288                                {pd product} {ergonomic}
    uintx NonProfiledCodeHeapSize                  = 122031976                              {pd product} {ergonomic}
    uintx ProfiledCodeHeapSize                     = 122031976                              {pd product} {ergonomic}
    uintx ReservedCodeCacheSize                    = 251658240                              {pd product} {ergonomic}
     bool SegmentedCodeCache                       = true                                      {product} {ergonomic}
     bool UseCompressedClassPointers               = true                                 {lp64_product} {ergonomic}
     bool UseCompressedOops                        = true                                 {lp64_product} {ergonomic}
     bool UseG1GC                                  = true                                      {product} {ergonomic}
     bool UseLargePagesIndividualAllocation        = false                                  {pd product} {ergonomic}

Logging:
Log output configuration:
 #0: stdout all=warning uptime,level,tags
 #1: stderr all=off uptime,level,tags

Environment Variables:
PATH=C:\Program Files\Git\mingw64\libexec\git-core;C:\Program Files\Git\mingw64\libexec\git-core;C:\Program Files\Git\mingw64\bin;C:\Program Files\Git\usr\bin;C:\Users\nicka\bin;C:\Program Files\NVIDIA GPU Computing Toolkit\CUDA\v11.6\bin;C:\Program Files\NVIDIA GPU Computing Toolkit\CUDA\v11.6\libnvvp;C:\Program Files (x86)\Common Files\Oracle\Java\javapath;C:\VulkanSDK\1.2.154.1\Bin;C:\Windows\system32;C:\Windows;C:\Windows\System32\Wbem;C:\Windows\System32\WindowsPowerShell\v1.0;C:\Windows\System32\OpenSSH;C:\Program Files (x86)\NVIDIA Corporation\PhysX\Common;C:\Program Files\Git\cmd;C:\Program Files\NVIDIA Corporation\NVIDIA NvDLISR;C:\Windows\system32;C:\Windows;C:\Windows\System32\Wbem;C:\Windows\System32\WindowsPowerShell\v1.0;C:\Windows\System32\OpenSSH;C:\Program Files\nodejs;C:\Program Files\CMake\bin;C:\Program Files\PowerShell\7;C:\Program Files\MATLAB\R2021b\bin;C:\Program Files\dotnet;C:\Program Files\WorldPainter;C:\Program Files\Airshipper;C:\Program Files\NVIDIA Corporation\Nsight Compute 2022.1.1;C:\Program Files\starship\bin;C:\Users\nicka\scoop\shims;C:\Users\nicka\.cargo\bin;C:\Users\nicka\AppData\Local\Microsoft\WindowsApps;C:\Program Files (x86)\FAHClient;C:\Users\nicka\AppData\Local\Programs\Microsoft VS Code\bin;C:\Users\nicka\AppData\Local\GitHubDesktop\bin;C:\Users\nicka\AppData\Local\Microsoft\WindowsApps;C:\Users\nicka\AppData\Roaming\npm;C:\pkg-config-lite-0.28-1\bin;C:\gnome\bin;C:\Program Files\JetBrains\PyCharm 2021.3.3\bin
USERNAME=nicka
DISPLAY=:0.0
LC_ALL=en_US.UTF-8
OS=Windows_NT
PROCESSOR_IDENTIFIER=AMD64 Family 23 Model 1 Stepping 1, AuthenticAMD



---------------  S Y S T E M  ---------------

OS: Windows 10 , 64 bit Build 19041 (10.0.19041.1806)
OS uptime: 3 days 5:58 hours

CPU:total 16 (initial active 16) (16 cores per cpu, 2 threads per core) family 23 model 1 stepping 1 microcode 0x0, cmov, cx8, fxsr, mmx, sse, sse2, sse3, ssse3, sse4.1, sse4.2, popcnt, avx, avx2, aes, clmul, mmxext, 3dnowpref, lzcnt, sse4a, ht, tsc, tscinvbit, tscinv, bmi1, bmi2, adx, sha, fma

Memory: 4k page, system-wide physical 16328M (317M free)
TotalPageFile size 65480M (AvailPageFile size 149M)
current process WorkingSet (physical memory assigned to process): 10M, peak: 10M
current process commit charge ("private bytes"): 71M, peak: 327M

vm_info: OpenJDK 64-Bit Server VM (11.0.13+7-b1751.25) for windows-amd64 JRE (11.0.13+7-b1751.25), built on Jan 13 2022 20:47:27 by "" with MS VC++ 14.0 (VS2015)

END.
